<?xml version="1.0" encoding="UTF-8"?>
<!-- Generated by org.testng.reporters.JUnitReportReporter -->
<testsuite hostname="DESKTOP-KCH4APJ" failures="0" tests="1" name="runner.TestNGrunner" time="5.155" errors="0" timestamp="2024-04-25T11:13:36 EDT" skipped="0">
  <testcase classname="runner.TestNGrunner" name="runScenario" time="5.155"/>
</testsuite> <!-- runner.TestNGrunner -->
