<?xml version="1.0" encoding="UTF-8"?>
<!-- Generated by org.testng.reporters.JUnitReportReporter -->
<testsuite hostname="DESKTOP-5VHFP6V" failures="0" tests="26" name="runner.TestNGrunner" time="145.974" errors="0" timestamp="2024-04-29T19:46:42 EDT" skipped="0">
  <testcase classname="runner.TestNGrunner" name="runScenario" time="5.530"/>
  <testcase classname="runner.TestNGrunner" name="runScenario" time="5.486"/>
  <testcase classname="runner.TestNGrunner" name="runScenario" time="8.925"/>
  <testcase classname="runner.TestNGrunner" name="runScenario" time="5.303"/>
  <testcase classname="runner.TestNGrunner" name="runScenario" time="5.502"/>
  <testcase classname="runner.TestNGrunner" name="runScenario" time="6.014"/>
  <testcase classname="runner.TestNGrunner" name="runScenario" time="5.157"/>
  <testcase classname="runner.TestNGrunner" name="runScenario" time="5.334"/>
  <testcase classname="runner.TestNGrunner" name="runScenario" time="5.412"/>
  <testcase classname="runner.TestNGrunner" name="runScenario" time="5.282"/>
  <testcase classname="runner.TestNGrunner" name="runScenario" time="5.917"/>
  <testcase classname="runner.TestNGrunner" name="runScenario" time="5.390"/>
  <testcase classname="runner.TestNGrunner" name="runScenario" time="5.594"/>
  <testcase classname="runner.TestNGrunner" name="runScenario" time="6.439"/>
  <testcase classname="runner.TestNGrunner" name="runScenario" time="5.430"/>
  <testcase classname="runner.TestNGrunner" name="runScenario" time="5.190"/>
  <testcase classname="runner.TestNGrunner" name="runScenario" time="5.380"/>
  <testcase classname="runner.TestNGrunner" name="runScenario" time="5.503"/>
  <testcase classname="runner.TestNGrunner" name="runScenario" time="5.431"/>
  <testcase classname="runner.TestNGrunner" name="runScenario" time="5.191"/>
  <testcase classname="runner.TestNGrunner" name="runScenario" time="5.549"/>
  <testcase classname="runner.TestNGrunner" name="runScenario" time="5.372"/>
  <testcase classname="runner.TestNGrunner" name="runScenario" time="5.544"/>
  <testcase classname="runner.TestNGrunner" name="runScenario" time="5.518"/>
  <testcase classname="runner.TestNGrunner" name="runScenario" time="5.375"/>
  <testcase classname="runner.TestNGrunner" name="runScenario" time="5.206"/>
</testsuite> <!-- runner.TestNGrunner -->
